Determining if the function pthread_create exists in the pthreads failed with the following output:
Change Dir: /home/gaetan/catkin_ws/src/capture_key/CMakeFiles/CMakeTmp

Run Build Command:/usr/bin/make "cmTryCompileExec/fast"
/usr/bin/make -f CMakeFiles/cmTryCompileExec.dir/build.make CMakeFiles/cmTryCompileExec.dir/build
make[1]: entrant dans le répertoire « /home/gaetan/catkin_ws/src/capture_key/CMakeFiles/CMakeTmp »
/usr/bin/cmake -E cmake_progress_report /home/gaetan/catkin_ws/src/capture_key/CMakeFiles/CMakeTmp/CMakeFiles 1
Building C object CMakeFiles/cmTryCompileExec.dir/CheckFunctionExists.c.o
/usr/bin/gcc   -DCHECK_FUNCTION_EXISTS=pthread_create   -o CMakeFiles/cmTryCompileExec.dir/CheckFunctionExists.c.o   -c /usr/share/cmake-2.8/Modules/CheckFunctionExists.c
Linking C executable cmTryCompileExec
/usr/bin/cmake -E cmake_link_script CMakeFiles/cmTryCompileExec.dir/link.txt --verbose=1
/usr/bin/gcc     -DCHECK_FUNCTION_EXISTS=pthread_create    CMakeFiles/cmTryCompileExec.dir/CheckFunctionExists.c.o  -o cmTryCompileExec -rdynamic -lpthreads 
/usr/bin/ld: cannot find -lpthreads
collect2: ld a retourné 1 code d'état d'exécution
make[1]: *** [cmTryCompileExec] Erreur 1
make[1]: quittant le répertoire « /home/gaetan/catkin_ws/src/capture_key/CMakeFiles/CMakeTmp »
make: *** [cmTryCompileExec/fast] Erreur 2


Determining if the pthread_create exist failed with the following output:
Change Dir: /home/towardthesea/catkin_ws/src/capture_key/CMakeFiles/CMakeTmp

Run Build Command:/usr/bin/make "cmTryCompileExec3199792981/fast"
/usr/bin/make -f CMakeFiles/cmTryCompileExec3199792981.dir/build.make CMakeFiles/cmTryCompileExec3199792981.dir/build
make[1]: Entering directory `/home/towardthesea/catkin_ws/src/capture_key/CMakeFiles/CMakeTmp'
/usr/bin/cmake -E cmake_progress_report /home/towardthesea/catkin_ws/src/capture_key/CMakeFiles/CMakeTmp/CMakeFiles 1
Building C object CMakeFiles/cmTryCompileExec3199792981.dir/CheckSymbolExists.c.o
/usr/bin/cc    -o CMakeFiles/cmTryCompileExec3199792981.dir/CheckSymbolExists.c.o   -c /home/towardthesea/catkin_ws/src/capture_key/CMakeFiles/CMakeTmp/CheckSymbolExists.c
Linking C executable cmTryCompileExec3199792981
/usr/bin/cmake -E cmake_link_script CMakeFiles/cmTryCompileExec3199792981.dir/link.txt --verbose=1
/usr/bin/cc       CMakeFiles/cmTryCompileExec3199792981.dir/CheckSymbolExists.c.o  -o cmTryCompileExec3199792981 -rdynamic 
CMakeFiles/cmTryCompileExec3199792981.dir/CheckSymbolExists.c.o: In function `main':
CheckSymbolExists.c:(.text+0x16): undefined reference to `pthread_create'
collect2: error: ld returned 1 exit status
make[1]: Leaving directory `/home/towardthesea/catkin_ws/src/capture_key/CMakeFiles/CMakeTmp'
make[1]: *** [cmTryCompileExec3199792981] Error 1
make: *** [cmTryCompileExec3199792981/fast] Error 2

File /home/towardthesea/catkin_ws/src/capture_key/CMakeFiles/CMakeTmp/CheckSymbolExists.c:
/* */
#include <pthread.h>

int main(int argc, char** argv)
{
  (void)argv;
#ifndef pthread_create
  return ((int*)(&pthread_create))[argc];
#else
  (void)argc;
  return 0;
#endif
}

Determining if the function pthread_create exists in the pthreads failed with the following output:
Change Dir: /home/towardthesea/catkin_ws/src/capture_key/CMakeFiles/CMakeTmp

Run Build Command:/usr/bin/make "cmTryCompileExec2375363646/fast"
/usr/bin/make -f CMakeFiles/cmTryCompileExec2375363646.dir/build.make CMakeFiles/cmTryCompileExec2375363646.dir/build
make[1]: Entering directory `/home/towardthesea/catkin_ws/src/capture_key/CMakeFiles/CMakeTmp'
/usr/bin/cmake -E cmake_progress_report /home/towardthesea/catkin_ws/src/capture_key/CMakeFiles/CMakeTmp/CMakeFiles 1
Building C object CMakeFiles/cmTryCompileExec2375363646.dir/CheckFunctionExists.c.o
/usr/bin/cc   -DCHECK_FUNCTION_EXISTS=pthread_create   -o CMakeFiles/cmTryCompileExec2375363646.dir/CheckFunctionExists.c.o   -c /usr/share/cmake-2.8/Modules/CheckFunctionExists.c
Linking C executable cmTryCompileExec2375363646
/usr/bin/cmake -E cmake_link_script CMakeFiles/cmTryCompileExec2375363646.dir/link.txt --verbose=1
/usr/bin/cc   -DCHECK_FUNCTION_EXISTS=pthread_create    CMakeFiles/cmTryCompileExec2375363646.dir/CheckFunctionExists.c.o  -o cmTryCompileExec2375363646 -rdynamic -lpthreads 
/usr/bin/ld: cannot find -lpthreads
collect2: error: ld returned 1 exit status
make[1]: *** [cmTryCompileExec2375363646] Error 1
make[1]: Leaving directory `/home/towardthesea/catkin_ws/src/capture_key/CMakeFiles/CMakeTmp'
make: *** [cmTryCompileExec2375363646/fast] Error 2


